<?xml version="1.0" encoding="UTF-8"?>
<!-- Generated by org.testng.reporters.JUnitXMLReporter -->
<testsuite hostname="classroom" name="TestScripts" tests="2" failures="1" timestamp="25 Mar 2018 05:19:46 GMT" time="23.087" errors="0">
  <testcase name="verifyOrangeHRM" time="14.271" classname="TestScripts.Tc1_Login"/>
  <testcase name="AddEmployee" time="8.746" classname="TestScripts.TC2_AddEmp">
    <failure type="java.lang.NoSuchMethodError" message="org.openqa.selenium.support.ui.WebDriverWait.until(Lcom/google/common/base/Function;)Ljava/lang/Object;">
      <![CDATA[java.lang.NoSuchMethodError: org.openqa.selenium.support.ui.WebDriverWait.until(Lcom/google/common/base/Function;)Ljava/lang/Object;
	at LIB.Common.waitUntilElementPresent(Common.java:103)
	at BusinessFunctions.Login.addEmp(Login.java:60)
	at TestScripts.TC2_AddEmp.AddEmployee(TC2_AddEmp.java:19)
... Removed 24 stack frames]]>
    </failure>
  </testcase> <!-- AddEmployee -->
</testsuite> <!-- TestScripts -->
