<?xml version="1.0" encoding="UTF-8"?>
<testng-results skipped="0" failed="1" total="2" passed="1">
  <reporter-output>
  </reporter-output>
  <suite name="HRM Automation" duration-ms="23087" started-at="2018-03-25T05:19:23Z" finished-at="2018-03-25T05:19:46Z">
    <groups>
    </groups>
    <test name="TestScripts" duration-ms="23087" started-at="2018-03-25T05:19:23Z" finished-at="2018-03-25T05:19:46Z">
      <class name="TestScripts.Tc1_Login">
        <test-method status="PASS" signature="verifyOrangeHRM()[pri:0, instance:TestScripts.Tc1_Login@c285f4]" name="verifyOrangeHRM" duration-ms="14271" started-at="2018-03-25T10:49:23Z" finished-at="2018-03-25T10:49:37Z">
          <reporter-output>
          </reporter-output>
        </test-method> <!-- verifyOrangeHRM -->
      </class> <!-- TestScripts.Tc1_Login -->
      <class name="TestScripts.TC2_AddEmp">
        <test-method status="FAIL" signature="AddEmployee()[pri:0, instance:TestScripts.TC2_AddEmp@1275dab]" name="AddEmployee" duration-ms="8746" started-at="2018-03-25T10:49:37Z" finished-at="2018-03-25T10:49:46Z">
          <exception class="java.lang.NoSuchMethodError">
            <message>
              <![CDATA[org.openqa.selenium.support.ui.WebDriverWait.until(Lcom/google/common/base/Function;)Ljava/lang/Object;]]>
            </message>
            <full-stacktrace>
              <![CDATA[java.lang.NoSuchMethodError: org.openqa.selenium.support.ui.WebDriverWait.until(Lcom/google/common/base/Function;)Ljava/lang/Object;
	at LIB.Common.waitUntilElementPresent(Common.java:103)
	at BusinessFunctions.Login.addEmp(Login.java:60)
	at TestScripts.TC2_AddEmp.AddEmployee(TC2_AddEmp.java:19)
	at sun.reflect.NativeMethodAccessorImpl.invoke0(Native Method)
	at sun.reflect.NativeMethodAccessorImpl.invoke(NativeMethodAccessorImpl.java:62)
	at sun.reflect.DelegatingMethodAccessorImpl.invoke(DelegatingMethodAccessorImpl.java:43)
	at java.lang.reflect.Method.invoke(Method.java:498)
	at org.testng.internal.MethodInvocationHelper.invokeMethod(MethodInvocationHelper.java:80)
	at org.testng.internal.Invoker.invokeMethod(Invoker.java:714)
	at org.testng.internal.Invoker.invokeTestMethod(Invoker.java:901)
	at org.testng.internal.Invoker.invokeTestMethods(Invoker.java:1231)
	at org.testng.internal.TestMethodWorker.invokeTestMethods(TestMethodWorker.java:127)
	at org.testng.internal.TestMethodWorker.run(TestMethodWorker.java:111)
	at org.testng.TestRunner.privateRun(TestRunner.java:767)
	at org.testng.TestRunner.run(TestRunner.java:617)
	at org.testng.SuiteRunner.runTest(SuiteRunner.java:334)
	at org.testng.SuiteRunner.runSequentially(SuiteRunner.java:329)
	at org.testng.SuiteRunner.privateRun(SuiteRunner.java:291)
	at org.testng.SuiteRunner.run(SuiteRunner.java:240)
	at org.testng.SuiteRunnerWorker.runSuite(SuiteRunnerWorker.java:52)
	at org.testng.SuiteRunnerWorker.run(SuiteRunnerWorker.java:86)
	at org.testng.TestNG.runSuitesSequentially(TestNG.java:1198)
	at org.testng.TestNG.runSuitesLocally(TestNG.java:1123)
	at org.testng.TestNG.run(TestNG.java:1031)
	at org.testng.remote.AbstractRemoteTestNG.run(AbstractRemoteTestNG.java:126)
	at org.testng.remote.RemoteTestNG.initAndRun(RemoteTestNG.java:152)
	at org.testng.remote.RemoteTestNG.main(RemoteTestNG.java:57)
]]>
            </full-stacktrace>
          </exception> <!-- java.lang.NoSuchMethodError -->
          <reporter-output>
          </reporter-output>
        </test-method> <!-- AddEmployee -->
      </class> <!-- TestScripts.TC2_AddEmp -->
    </test> <!-- TestScripts -->
  </suite> <!-- HRM Automation -->
</testng-results>
