<?xml version="1.0" encoding="UTF-8"?>
<testng-results skipped="0" failed="0" total="4" passed="4">
  <reporter-output>
  </reporter-output>
  <suite name="HRM Automation" duration-ms="30789" started-at="2018-03-27T02:13:44Z" finished-at="2018-03-27T02:14:15Z">
    <groups>
    </groups>
    <test name="TestScripts" duration-ms="30789" started-at="2018-03-27T02:13:44Z" finished-at="2018-03-27T02:14:15Z">
      <class name="TestScripts.Tc1_Login">
        <test-method status="PASS" signature="verifyOrangeHRM()[pri:0, instance:TestScripts.Tc1_Login@1684286]" name="verifyOrangeHRM" duration-ms="11765" started-at="2018-03-27T07:43:44Z" finished-at="2018-03-27T07:43:56Z">
          <reporter-output>
          </reporter-output>
        </test-method> <!-- verifyOrangeHRM -->
      </class> <!-- TestScripts.Tc1_Login -->
      <class name="TestScripts.TC2_AddEmp">
        <test-method status="PASS" signature="AddEmployee()[pri:0, instance:TestScripts.TC2_AddEmp@d072a9]" name="AddEmployee" duration-ms="19015" started-at="2018-03-27T07:43:56Z" finished-at="2018-03-27T07:44:15Z">
          <reporter-output>
          </reporter-output>
        </test-method> <!-- AddEmployee -->
      </class> <!-- TestScripts.TC2_AddEmp -->
    </test> <!-- TestScripts -->
  </suite> <!-- HRM Automation -->
  <suite name="HRM Automation1" duration-ms="1" started-at="2018-03-27T02:14:15Z" finished-at="2018-03-27T02:14:15Z">
    <groups>
    </groups>
    <test name="TestScripts1" duration-ms="1" started-at="2018-03-27T02:14:15Z" finished-at="2018-03-27T02:14:15Z">
      <class name="TestScripts.TC5">
        <test-method status="PASS" signature="Method1()[pri:0, instance:TestScripts.TC5@df4efb]" name="Method1" duration-ms="0" started-at="2018-03-27T07:44:15Z" finished-at="2018-03-27T07:44:15Z">
          <reporter-output>
          </reporter-output>
        </test-method> <!-- Method1 -->
      </class> <!-- TestScripts.TC5 -->
      <class name="TestScripts.TC4">
        <test-method status="PASS" signature="Method1()[pri:0, instance:TestScripts.TC4@1690630]" name="Method1" duration-ms="0" started-at="2018-03-27T07:44:15Z" finished-at="2018-03-27T07:44:15Z">
          <reporter-output>
          </reporter-output>
        </test-method> <!-- Method1 -->
      </class> <!-- TestScripts.TC4 -->
    </test> <!-- TestScripts1 -->
  </suite> <!-- HRM Automation1 -->
</testng-results>
